Project: D:\workspace\Foodike\Foodike-Harmony
DevEco: D:\Deveco\Software\DevEco Studio
Cangjie: C:\Users\Sieger\.cangjie-sdk\6.0\cangjie
Java: D:\Deveco\Software\DevEco Studio\jbr
Installing dependencies...
>>> D:\Deveco\Software\DevEco Studio\tools\ohpm\bin\ohpm.bat install --all --registry https://ohpm.openharmony.cn/ohpm/ --strict_ssl true
install completed in 0s 18ms
Syncing resources...
>>> D:\Deveco\Software\DevEco Studio\tools\node\node.exe D:\Deveco\Software\DevEco Studio\tools\hvigor\bin\hvigorw.js --mode module -p module=entry@default SyncCangjieResource --analyze=normal --parallel --incremental --no-daemon
> hvigor WARN: Build analysis mode 'default' is deprecated, please use 'normal' instead.
> hvigor UP-TO-DATE :entry:default@CangjiePreBuild...  
> hvigor Disabled :entry:default@PreBuild... 
> hvigor UP-TO-DATE :entry:default@GenerateCangjieResource...  
> hvigor Finished :entry:default@GenerateTomlDependencies... after 6 ms 
> hvigor Finished :entry:SyncCangjieResource... after 1 ms 
> hvigor BUILD SUCCESSFUL in 1 s 575 ms 
Building hap...
>>> D:\Deveco\Software\DevEco Studio\tools\node\node.exe D:\Deveco\Software\DevEco Studio\tools\hvigor\bin\hvigorw.js --mode module -p product=default assembleHap --analyze=normal --parallel --incremental --no-daemon
> hvigor WARN: Build analysis mode 'default' is deprecated, please use 'normal' instead.
> hvigor UP-TO-DATE :entry:default@CangjiePreBuild...  
> hvigor Disabled :entry:default@PreBuild... 
> hvigor Finished :entry:default@CreateModuleInfo... after 1 ms 
> hvigor UP-TO-DATE :entry:default@GenerateMetadata...  
> hvigor Finished :entry:default@ConfigureCmake... after 1 ms 
> hvigor UP-TO-DATE :entry:default@MergeProfile...  
> hvigor UP-TO-DATE :entry:default@CreateBuildProfile...  
> hvigor Finished :entry:default@PreCheckSyscap... after 1 ms 
> hvigor Finished :entry:default@GeneratePkgContextInfo... after 5 ms 
> hvigor UP-TO-DATE :entry:default@GeneratePkgSdkInfo...  
> hvigor Finished :entry:default@ProcessIntegratedHsp... after 1 ms 
> hvigor UP-TO-DATE :entry:default@GenerateCangjieResource...  
> hvigor Finished :entry:default@BuildNativeWithCmake... after 1 ms 
> hvigor UP-TO-DATE :entry:default@MakePackInfo...  
> hvigor Finished :entry:default@SyscapTransform... after 8 ms 
> hvigor UP-TO-DATE :entry:default@ProcessProfile...  
> hvigor UP-TO-DATE :entry:default@ProcessRouterMap...  
> hvigor UP-TO-DATE :entry:default@ProcessShareConfig...  
> hvigor Finished :entry:default@ProcessStartupConfig... after 1 ms 
> hvigor Finished :entry:default@BuildNativeWithNinja... after 1 ms 
> hvigor UP-TO-DATE :entry:default@ProcessResource...  
> hvigor UP-TO-DATE :entry:default@GenerateLoaderJson...  
> hvigor UP-TO-DATE :entry:default@CompileResource...  
> hvigor Finished :entry:default@CompileArkTS... after 3 ms 
> hvigor Finished :entry:default@BuildJS... after 1 ms 
> hvigor WARN: Warning: field 'profile.build.combined' in '.\cjpm.toml' is experimental, it is unstable and has some limitations, please refer to related documentation for more details
> hvigor Finished :entry:default@CompileCangjie... after 9 s 876 ms 
> hvigor Finished :entry:default@ProcessLibs... after 17 ms 
> hvigor Finished :entry:default@MoveCangjieLibs... after 12 ms 
> hvigor Finished :entry:default@ProcessCangjieLibs... after 2 ms 
> hvigor Finished :entry:default@DoNativeStrip... after 64 ms 
> hvigor Finished :entry:default@AfterCompileCangjie... after 4 ms 
> hvigor Finished :entry:default@CacheNativeLibs... after 4 ms 
> hvigor UP-TO-DATE :entry:default@GeneratePkgModuleJson...  
> hvigor Finished :entry:default@ProcessCompiledResources... after 1 ms 
> hvigor Finished :entry:default@PackageHap... after 292 ms 
> hvigor Finished :entry:default@PackingCheck... after 3 ms 
> hvigor WARN: Will skip sign 'hos_hap'. No signingConfigs profile is configured in current project.
             If needed, configure the signingConfigs in D:\workspace\Foodike\Foodike-Harmony\build-profile.json5.
> hvigor Finished :entry:default@SignHap... after 1 ms 
> hvigor Finished :entry:default@CollectDebugSymbol... after 1 ms 
> hvigor Finished :entry:assembleHap... after 1 ms 
> hvigor BUILD SUCCESSFUL in 12 s 500 ms 
Build finished
